#
# A fatal error has been detected by the Java Runtime Environment:
#
#  Internal Error (safepoint.cpp:310), pid=688, tid=11523
#  guarantee(PageArmed == 0) failed: invariant
#
# JRE version: Java(TM) SE Runtime Environment (8.0_45-b14) (build 1.8.0_45-b14)
# Java VM: Java HotSpot(TM) 64-Bit Server VM (25.45-b02 mixed mode bsd-amd64 compressed oops)
# Failed to write core dump. Core dumps have been disabled. To enable core dumping, try "ulimit -c unlimited" before starting Java again
#
# If you would like to submit a bug report, please visit:
#   http://bugreport.java.com/bugreport/crash.jsp
#

---------------  T H R E A D  ---------------

Current thread (0x00007fdb1081c800):  VMThread [stack: 0x00007000034eb000,0x00007000035eb000] [id=11523]

Stack: [0x00007000034eb000,0x00007000035eb000],  sp=0x00007000035ea910,  free space=1022k
Native frames: (J=compiled Java code, j=interpreted, Vv=VM code, C=native code)
V  [libjvm.dylib+0x58e7ba]  VMError::report_and_die()+0x3f8
V  [libjvm.dylib+0x1e037f]  report_vm_error(char const*, int, char const*, char const*)+0x54
V  [libjvm.dylib+0x4c2e84]  SafepointSynchronize::begin()+0x2be
V  [libjvm.dylib+0x594917]  VMThread::loop()+0x209
V  [libjvm.dylib+0x594355]  VMThread::run()+0x79
V  [libjvm.dylib+0x46ea7e]  java_start(Thread*)+0xf6
C  [libsystem_pthread.dylib+0x393b]  _pthread_body+0xb4
C  [libsystem_pthread.dylib+0x3887]  _pthread_body+0x0
C  [libsystem_pthread.dylib+0x308d]  thread_start+0xd


---------------  P R O C E S S  ---------------

Java Threads: ( => current thread )
  0x00007fdb1088f800 JavaThread "Service Thread" daemon [_thread_blocked, id=18435, stack(0x0000700003c00000,0x0000700003d00000)]
  0x00007fdb1182f000 JavaThread "C1 CompilerThread2" daemon [_thread_blocked, id=17923, stack(0x0000700003afd000,0x0000700003bfd000)]
  0x00007fdb10886800 JavaThread "C2 CompilerThread1" daemon [_thread_blocked, id=17411, stack(0x00007000039fa000,0x0000700003afa000)]
  0x00007fdb1082b800 JavaThread "C2 CompilerThread0" daemon [_thread_blocked, id=16899, stack(0x00007000038f7000,0x00007000039f7000)]
  0x00007fdb11016000 JavaThread "Signal Dispatcher" daemon [_thread_blocked, id=16387, stack(0x00007000037f4000,0x00007000038f4000)]
  0x00007fdb10820000 JavaThread "Finalizer" daemon [_thread_blocked, id=12547, stack(0x00007000036f1000,0x00007000037f1000)]
  0x00007fdb1081f800 JavaThread "Reference Handler" daemon [_thread_blocked, id=12035, stack(0x00007000035ee000,0x00007000036ee000)]
  0x00007fdb11002800 JavaThread "main" [_thread_in_Java, id=7171, stack(0x0000700002fdc000,0x00007000030dc000)]

Other Threads:
=>0x00007fdb1081c800 VMThread [stack: 0x00007000034eb000,0x00007000035eb000] [id=11523]
  0x00007fdb10840800 WatcherThread [stack: 0x0000700003d03000,0x0000700003e03000] [id=18947]

VM state:synchronizing (normal execution)

VM Mutex/Monitor currently owned by a thread:  ([mutex/lock_event])
[0x00007fdb107018d0] Safepoint_lock - owner thread: 0x00007fdb1081c800
[0x00007fdb10701950] Threads_lock - owner thread: 0x00007fdb1081c800

Heap:
 PSYoungGen      total 68096K, used 22554K [0x00000007aab00000, 0x00000007af000000, 0x00000007c0000000)
  eden space 65536K, 33% used [0x00000007aab00000,0x00000007ac086ae8,0x00000007aeb00000)
  from space 2560K, 20% used [0x00000007aed80000,0x00000007aee00020,0x00000007af000000)
  to   space 2560K, 0% used [0x00000007aeb00000,0x00000007aeb00000,0x00000007aed80000)
 ParOldGen       total 44032K, used 7844K [0x0000000780000000, 0x0000000782b00000, 0x00000007aab00000)
  object space 44032K, 17% used [0x0000000780000000,0x00000007807a9220,0x0000000782b00000)
 Metaspace       used 2810K, capacity 4486K, committed 4864K, reserved 1056768K
  class space    used 301K, capacity 386K, committed 512K, reserved 1048576K

Card table byte_map: [0x0000000108f29000,0x000000010912a000] byte_map_base: 0x0000000105329000

Marking Bits: (ParMarkBitMap*) 0x00000001084c27a0
 Begin Bits: [0x0000000109280000, 0x000000010a280000)
 End Bits:   [0x000000010a280000, 0x000000010b280000)

Polling page: 0x00000001072a5000

CodeCache: size=245760Kb used=1447Kb max_used=1461Kb free=244312Kb
 bounds [0x0000000111302000, 0x0000000111572000, 0x0000000120302000]
 total_blobs=349 nmethods=109 adapters=154
 compilation: enabled

Compilation events (10 events):
Event: 1724.986 Thread 0x00007fdb1082b800  105   !   4       java.io.BufferedReader::readLine (304 bytes)
Event: 1725.003 Thread 0x00007fdb10886800  106 % !   4       ソフトウェア科学.BS_REPORT::Sort @ 40 (185 bytes)
Event: 1725.018 Thread 0x00007fdb1082b800 nmethod 105 0x000000011146cd10 code [0x000000011146cf00, 0x000000011146df30]
Event: 1725.022 Thread 0x00007fdb10886800 nmethod 106% 0x0000000111461f10 code [0x00000001114620e0, 0x0000000111462bc8]
Event: 1725.023 Thread 0x00007fdb1082b800  107   !   4       ソフトウェア科学.BS_REPORT::Sort (185 bytes)
Event: 1725.060 Thread 0x00007fdb1082b800 nmethod 107 0x000000011146a710 code [0x000000011146a9c0, 0x000000011146baf0]
Event: 1725.068 Thread 0x00007fdb10886800  108       4       java.nio.ByteBuffer::arrayOffset (35 bytes)
Event: 1725.068 Thread 0x00007fdb10886800 nmethod 108 0x0000000111463b90 code [0x0000000111463ce0, 0x0000000111463d78]
Event: 1725.074 Thread 0x00007fdb1082b800  109       4       java.nio.ByteBuffer::array (35 bytes)
Event: 1725.075 Thread 0x00007fdb1082b800 nmethod 109 0x0000000111461c90 code [0x0000000111461de0, 0x0000000111461e78]

GC Heap History (8 events):
Event: 0.298 GC heap before
{Heap before GC invocations=1 (full 0):
 PSYoungGen      total 18944K, used 16384K [0x00000007aab00000, 0x00000007ac000000, 0x00000007c0000000)
  eden space 16384K, 100% used [0x00000007aab00000,0x00000007abb00000,0x00000007abb00000)
  from space 2560K, 0% used [0x00000007abd80000,0x00000007abd80000,0x00000007ac000000)
  to   space 2560K, 0% used [0x00000007abb00000,0x00000007abb00000,0x00000007abd80000)
 ParOldGen       total 44032K, used 0K [0x0000000780000000, 0x0000000782b00000, 0x00000007aab00000)
  object space 44032K, 0% used [0x0000000780000000,0x0000000780000000,0x0000000782b00000)
 Metaspace       used 2794K, capacity 4486K, committed 4864K, reserved 1056768K
  class space    used 300K, capacity 386K, committed 512K, reserved 1048576K
Event: 0.303 GC heap after
Heap after GC invocations=1 (full 0):
 PSYoungGen      total 18944K, used 544K [0x00000007aab00000, 0x00000007ad000000, 0x00000007c0000000)
  eden space 16384K, 0% used [0x00000007aab00000,0x00000007aab00000,0x00000007abb00000)
  from space 2560K, 21% used [0x00000007abb00000,0x00000007abb88020,0x00000007abd80000)
  to   space 2560K, 0% used [0x00000007acd80000,0x00000007acd80000,0x00000007ad000000)
 ParOldGen       total 44032K, used 3914K [0x0000000780000000, 0x0000000782b00000, 0x00000007aab00000)
  object space 44032K, 8% used [0x0000000780000000,0x00000007803d2910,0x0000000782b00000)
 Metaspace       used 2794K, capacity 4486K, committed 4864K, reserved 1056768K
  class space    used 300K, capacity 386K, committed 512K, reserved 1048576K
}
Event: 0.331 GC heap before
{Heap before GC invocations=2 (full 0):
 PSYoungGen      total 18944K, used 16928K [0x00000007aab00000, 0x00000007ad000000, 0x00000007c0000000)
  eden space 16384K, 100% used [0x00000007aab00000,0x00000007abb00000,0x00000007abb00000)
  from space 2560K, 21% used [0x00000007abb00000,0x00000007abb88020,0x00000007abd80000)
  to   space 2560K, 0% used [0x00000007acd80000,0x00000007acd80000,0x00000007ad000000)
 ParOldGen       total 44032K, used 3914K [0x0000000780000000, 0x0000000782b00000, 0x00000007aab00000)
  object space 44032K, 8% used [0x0000000780000000,0x00000007803d2910,0x0000000782b00000)
 Metaspace       used 2806K, capacity 4486K, committed 4864K, reserved 1056768K
  class space    used 300K, capacity 386K, committed 512K, reserved 1048576K
Event: 0.332 GC heap after
Heap after GC invocations=2 (full 0):
 PSYoungGen      total 35328K, used 576K [0x00000007aab00000, 0x00000007ad000000, 0x00000007c0000000)
  eden space 32768K, 0% used [0x00000007aab00000,0x00000007aab00000,0x00000007acb00000)
  from space 2560K, 22% used [0x00000007acd80000,0x00000007ace10020,0x00000007ad000000)
  to   space 2560K, 0% used [0x00000007acb00000,0x00000007acb00000,0x00000007acd80000)
 ParOldGen       total 44032K, used 3922K [0x0000000780000000, 0x0000000782b00000, 0x00000007aab00000)
  object space 44032K, 8% used [0x0000000780000000,0x00000007803d4910,0x0000000782b00000)
 Metaspace       used 2806K, capacity 4486K, committed 4864K, reserved 1056768K
  class space    used 300K, capacity 386K, committed 512K, reserved 1048576K
}
Event: 1724.990 GC heap before
{Heap before GC invocations=3 (full 0):
 PSYoungGen      total 35328K, used 33344K [0x00000007aab00000, 0x00000007ad000000, 0x00000007c0000000)
  eden space 32768K, 100% used [0x00000007aab00000,0x00000007acb00000,0x00000007acb00000)
  from space 2560K, 22% used [0x00000007acd80000,0x00000007ace10020,0x00000007ad000000)
  to   space 2560K, 0% used [0x00000007acb00000,0x00000007acb00000,0x00000007acd80000)
 ParOldGen       total 44032K, used 3922K [0x0000000780000000, 0x0000000782b00000, 0x00000007aab00000)
  object space 44032K, 8% used [0x0000000780000000,0x00000007803d4910,0x0000000782b00000)
 Metaspace       used 2810K, capacity 4486K, committed 4864K, reserved 1056768K
  class space    used 301K, capacity 386K, committed 512K, reserved 1048576K
Event: 1724.994 GC heap after
Heap after GC invocations=3 (full 0):
 PSYoungGen      total 35328K, used 544K [0x00000007aab00000, 0x00000007af000000, 0x00000007c0000000)
  eden space 32768K, 0% used [0x00000007aab00000,0x00000007aab00000,0x00000007acb00000)
  from space 2560K, 21% used [0x00000007acb00000,0x00000007acb88020,0x00000007acd80000)
  to   space 2560K, 0% used [0x00000007aed80000,0x00000007aed80000,0x00000007af000000)
 ParOldGen       total 44032K, used 7836K [0x0000000780000000, 0x0000000782b00000, 0x00000007aab00000)
  object space 44032K, 17% used [0x0000000780000000,0x00000007807a7220,0x0000000782b00000)
 Metaspace       used 2810K, capacity 4486K, committed 4864K, reserved 1056768K
  class space    used 301K, capacity 386K, committed 512K, reserved 1048576K
}
Event: 1725.062 GC heap before
{Heap before GC invocations=4 (full 0):
 PSYoungGen      total 35328K, used 33312K [0x00000007aab00000, 0x00000007af000000, 0x00000007c0000000)
  eden space 32768K, 100% used [0x00000007aab00000,0x00000007acb00000,0x00000007acb00000)
  from space 2560K, 21% used [0x00000007acb00000,0x00000007acb88020,0x00000007acd80000)
  to   space 2560K, 0% used [0x00000007aed80000,0x00000007aed80000,0x00000007af000000)
 ParOldGen       total 44032K, used 7836K [0x0000000780000000, 0x0000000782b00000, 0x00000007aab00000)
  object space 44032K, 17% used [0x0000000780000000,0x00000007807a7220,0x0000000782b00000)
 Metaspace       used 2810K, capacity 4486K, committed 4864K, reserved 1056768K
  class space    used 301K, capacity 386K, committed 512K, reserved 1048576K
Event: 1725.063 GC heap after
Heap after GC invocations=4 (full 0):
 PSYoungGen      total 68096K, used 512K [0x00000007aab00000, 0x00000007af000000, 0x00000007c0000000)
  eden space 65536K, 0% used [0x00000007aab00000,0x00000007aab00000,0x00000007aeb00000)
  from space 2560K, 20% used [0x00000007aed80000,0x00000007aee00020,0x00000007af000000)
  to   space 2560K, 0% used [0x00000007aeb00000,0x00000007aeb00000,0x00000007aed80000)
 ParOldGen       total 44032K, used 7844K [0x0000000780000000, 0x0000000782b00000, 0x00000007aab00000)
  object space 44032K, 17% used [0x0000000780000000,0x00000007807a9220,0x0000000782b00000)
 Metaspace       used 2810K, capacity 4486K, committed 4864K, reserved 1056768K
  class space    used 301K, capacity 386K, committed 512K, reserved 1048576K
}

Deoptimization events (4 events):
Event: 0.380 Thread 0x00007fdb11002800 Uncommon trap: reason=unstable_if action=reinterpret pc=0x0000000111453cf0 method=ソフトウェア科学.BS_REPORT.Sort(I)J @ 69
Event: 0.385 Thread 0x00007fdb11002800 Uncommon trap: reason=unstable_if action=reinterpret pc=0x00000001114619e8 method=ソフトウェア科学.BS_REPORT.Sort(I)J @ 151
Event: 1724.978 Thread 0x00007fdb11002800 Uncommon trap: reason=unloaded action=reinterpret pc=0x00000001114639c4 method=ソフトウェア科学.BS_REPORT.Sort(I)J @ 177
Event: 1724.982 Thread 0x00007fdb11002800 Uncommon trap: reason=unstable_if action=reinterpret pc=0x0000000111429810 method=java.io.BufferedReader.readLine(Z)Ljava/lang/String; @ 22

Internal exceptions (2 events):
Event: 0.070 Thread 0x00007fdb11002800 Exception <a 'java/lang/NoSuchMethodError': Method sun.misc.Unsafe.defineClass(Ljava/lang/String;[BII)Ljava/lang/Class; name or signature does not match> (0x00000007aab12af8) thrown at [/Users/java_re/workspace/8-2-build-macosx-x86_64/jdk8u45/3457/hotspot
Event: 0.070 Thread 0x00007fdb11002800 Exception <a 'java/lang/NoSuchMethodError': Method sun.misc.Unsafe.prefetchRead(Ljava/lang/Object;J)V name or signature does not match> (0x00000007aab12d88) thrown at [/Users/java_re/workspace/8-2-build-macosx-x86_64/jdk8u45/3457/hotspot/src/share/vm/prim

Events (10 events):
Event: 1724.982 Executing VM operation: RevokeBias
Event: 1724.982 Executing VM operation: RevokeBias done
Event: 1724.982 Thread 0x00007fdb11002800 DEOPT PACKING pc=0x0000000111429810 sp=0x00007000030db7a0
Event: 1724.982 Thread 0x00007fdb11002800 DEOPT UNPACKING pc=0x0000000111307229 sp=0x00007000030db750 mode 2
Event: 1724.990 Executing VM operation: ParallelGCFailedAllocation
Event: 1724.994 Executing VM operation: ParallelGCFailedAllocation done
Event: 1725.022 Thread 0x00007fdb11002800 DEOPT PACKING pc=0x0000000111449402 sp=0x00007000030db820
Event: 1725.022 Thread 0x00007fdb11002800 DEOPT UNPACKING pc=0x0000000111349633 sp=0x00007000030db5a8 mode 0
Event: 1725.062 Executing VM operation: ParallelGCFailedAllocation
Event: 1725.063 Executing VM operation: ParallelGCFailedAllocation done


Dynamic libraries:
0x000000000f6ca000 	/System/Library/Frameworks/Cocoa.framework/Versions/A/Cocoa
0x000000000f6ca000 	/System/Library/Frameworks/Security.framework/Versions/A/Security
0x000000000f6ca000 	/System/Library/Frameworks/ApplicationServices.framework/Versions/A/ApplicationServices
0x000000000f6ca000 	/usr/lib/libz.1.dylib
0x000000000f6ca000 	/usr/lib/libSystem.B.dylib
0x000000000f6ca000 	/usr/lib/libobjc.A.dylib
0x000000000f6ca000 	/System/Library/Frameworks/CoreFoundation.framework/Versions/A/CoreFoundation
0x000000000f6ca000 	/System/Library/Frameworks/Foundation.framework/Versions/C/Foundation
0x000000000f6ca000 	/System/Library/Frameworks/AppKit.framework/Versions/C/AppKit
0x000000000f6ca000 	/System/Library/Frameworks/CoreData.framework/Versions/A/CoreData
0x000000000f6ca000 	/System/Library/PrivateFrameworks/RemoteViewServices.framework/Versions/A/RemoteViewServices
0x000000000f6ca000 	/System/Library/PrivateFrameworks/UIFoundation.framework/Versions/A/UIFoundation
0x000000000f6ca000 	/System/Library/PrivateFrameworks/DFRFoundation.framework/Versions/A/DFRFoundation
0x000000000f6ca000 	/usr/lib/libenergytrace.dylib
0x000000000f6ca000 	/System/Library/PrivateFrameworks/SkyLight.framework/Versions/A/SkyLight
0x000000000f6ca000 	/System/Library/Frameworks/CoreGraphics.framework/Versions/A/CoreGraphics
0x000000000f6ca000 	/usr/lib/libScreenReader.dylib
0x000000000f6ca000 	/System/Library/Frameworks/Accelerate.framework/Versions/A/Accelerate
0x000000000f6ca000 	/System/Library/Frameworks/IOSurface.framework/Versions/A/IOSurface
0x000000000f6ca000 	/System/Library/Frameworks/AudioToolbox.framework/Versions/A/AudioToolbox
0x000000000f6ca000 	/System/Library/Frameworks/AudioUnit.framework/Versions/A/AudioUnit
0x000000000f6ca000 	/System/Library/PrivateFrameworks/DataDetectorsCore.framework/Versions/A/DataDetectorsCore
0x000000000f6ca000 	/System/Library/PrivateFrameworks/DesktopServicesPriv.framework/Versions/A/DesktopServicesPriv
0x000000000f6ca000 	/System/Library/Frameworks/Carbon.framework/Versions/A/Frameworks/HIToolbox.framework/Versions/A/HIToolbox
0x000000000f6ca000 	/usr/lib/libicucore.A.dylib
0x000000000f6ca000 	/System/Library/Frameworks/QuartzCore.framework/Versions/A/QuartzCore
0x000000000f6ca000 	/System/Library/Frameworks/Carbon.framework/Versions/A/Frameworks/SpeechRecognition.framework/Versions/A/SpeechRecognition
0x000000000f6ca000 	/usr/lib/libauto.dylib
0x000000000f6ca000 	/usr/lib/libxml2.2.dylib
0x000000000f6ca000 	/System/Library/PrivateFrameworks/CoreUI.framework/Versions/A/CoreUI
0x000000000f6ca000 	/System/Library/Frameworks/CoreAudio.framework/Versions/A/CoreAudio
0x000000000f6ca000 	/System/Library/Frameworks/DiskArbitration.framework/Versions/A/DiskArbitration
0x000000000f6ca000 	/usr/lib/liblangid.dylib
0x000000000f6ca000 	/System/Library/PrivateFrameworks/MultitouchSupport.framework/Versions/A/MultitouchSupport
0x000000000f6ca000 	/System/Library/Frameworks/IOKit.framework/Versions/A/IOKit
0x000000000f6ca000 	/usr/lib/libDiagnosticMessagesClient.dylib
0x000000000f6ca000 	/System/Library/Frameworks/CoreServices.framework/Versions/A/CoreServices
0x000000000f6ca000 	/System/Library/PrivateFrameworks/PerformanceAnalysis.framework/Versions/A/PerformanceAnalysis
0x000000000f6ca000 	/System/Library/PrivateFrameworks/GenerationalStorage.framework/Versions/A/GenerationalStorage
0x000000000f6ca000 	/System/Library/Frameworks/OpenGL.framework/Versions/A/OpenGL
0x000000000f6ca000 	/System/Library/Frameworks/CoreImage.framework/Versions/A/CoreImage
0x000000000f6ca000 	/System/Library/Frameworks/CoreText.framework/Versions/A/CoreText
0x000000000f6ca000 	/System/Library/Frameworks/ImageIO.framework/Versions/A/ImageIO
0x000000000f6ca000 	/System/Library/PrivateFrameworks/Backup.framework/Versions/A/Backup
0x000000000f6ca000 	/usr/lib/libarchive.2.dylib
0x000000000f6ca000 	/System/Library/Frameworks/CFNetwork.framework/Versions/A/CFNetwork
0x000000000f6ca000 	/System/Library/Frameworks/SystemConfiguration.framework/Versions/A/SystemConfiguration
0x000000000f6ca000 	/usr/lib/libCRFSuite.dylib
0x000000000f6ca000 	/usr/lib/libc++.1.dylib
0x000000000f6ca000 	/usr/lib/libc++abi.dylib
0x000000000f6ca000 	/usr/lib/system/libcache.dylib
0x000000000f6ca000 	/usr/lib/system/libcommonCrypto.dylib
0x000000000f6ca000 	/usr/lib/system/libcompiler_rt.dylib
0x000000000f6ca000 	/usr/lib/system/libcopyfile.dylib
0x000000000f6ca000 	/usr/lib/system/libcorecrypto.dylib
0x000000000f6ca000 	/usr/lib/system/libdispatch.dylib
0x000000000f6ca000 	/usr/lib/system/libdyld.dylib
0x000000000f6ca000 	/usr/lib/system/libkeymgr.dylib
0x000000000f6ca000 	/usr/lib/system/liblaunch.dylib
0x000000000f6ca000 	/usr/lib/system/libmacho.dylib
0x000000000f6ca000 	/usr/lib/system/libquarantine.dylib
0x000000000f6ca000 	/usr/lib/system/libremovefile.dylib
0x000000000f6ca000 	/usr/lib/system/libsystem_asl.dylib
0x000000000f6ca000 	/usr/lib/system/libsystem_blocks.dylib
0x000000000f6ca000 	/usr/lib/system/libsystem_c.dylib
0x000000000f6ca000 	/usr/lib/system/libsystem_configuration.dylib
0x000000000f6ca000 	/usr/lib/system/libsystem_coreservices.dylib
0x000000000f6ca000 	/usr/lib/system/libsystem_coretls.dylib
0x000000000f6ca000 	/usr/lib/system/libsystem_dnssd.dylib
0x000000000f6ca000 	/usr/lib/system/libsystem_info.dylib
0x000000000f6ca000 	/usr/lib/system/libsystem_kernel.dylib
0x000000000f6ca000 	/usr/lib/system/libsystem_m.dylib
0x000000000f6ca000 	/usr/lib/system/libsystem_malloc.dylib
0x000000000f6ca000 	/usr/lib/system/libsystem_network.dylib
0x000000000f6ca000 	/usr/lib/system/libsystem_networkextension.dylib
0x000000000f6ca000 	/usr/lib/system/libsystem_notify.dylib
0x000000000f6ca000 	/usr/lib/system/libsystem_platform.dylib
0x000000000f6ca000 	/usr/lib/system/libsystem_pthread.dylib
0x000000000f6ca000 	/usr/lib/system/libsystem_sandbox.dylib
0x000000000f6ca000 	/usr/lib/system/libsystem_secinit.dylib
0x000000000f6ca000 	/usr/lib/system/libsystem_symptoms.dylib
0x000000000f6ca000 	/usr/lib/system/libsystem_trace.dylib
0x000000000f6ca000 	/usr/lib/system/libunwind.dylib
0x000000000f6ca000 	/usr/lib/system/libxpc.dylib
0x000000000f6ca000 	/usr/lib/libbsm.0.dylib
0x000000000f6ca000 	/usr/lib/system/libkxld.dylib
0x000000000f6ca000 	/usr/lib/libcoretls.dylib
0x000000000f6ca000 	/usr/lib/libcoretls_cfhelpers.dylib
0x000000000f6ca000 	/usr/lib/libOpenScriptingUtil.dylib
0x000000000f6ca000 	/usr/lib/libpam.2.dylib
0x000000000f6ca000 	/usr/lib/libsqlite3.dylib
0x000000000f6ca000 	/usr/lib/libxar.1.dylib
0x000000000f6ca000 	/usr/lib/libbz2.1.0.dylib
0x000000000f6ca000 	/usr/lib/liblzma.5.dylib
0x000000000f6ca000 	/usr/lib/libnetwork.dylib
0x000000000f6ca000 	/usr/lib/libpcap.A.dylib
0x000000000f6ca000 	/System/Library/Frameworks/CoreServices.framework/Versions/A/Frameworks/FSEvents.framework/Versions/A/FSEvents
0x000000000f6ca000 	/System/Library/Frameworks/CoreServices.framework/Versions/A/Frameworks/CarbonCore.framework/Versions/A/CarbonCore
0x000000000f6ca000 	/System/Library/Frameworks/CoreServices.framework/Versions/A/Frameworks/Metadata.framework/Versions/A/Metadata
0x000000000f6ca000 	/System/Library/Frameworks/CoreServices.framework/Versions/A/Frameworks/OSServices.framework/Versions/A/OSServices
0x000000000f6ca000 	/System/Library/Frameworks/CoreServices.framework/Versions/A/Frameworks/SearchKit.framework/Versions/A/SearchKit
0x000000000f6ca000 	/System/Library/Frameworks/CoreServices.framework/Versions/A/Frameworks/AE.framework/Versions/A/AE
0x000000000f6ca000 	/System/Library/Frameworks/CoreServices.framework/Versions/A/Frameworks/LaunchServices.framework/Versions/A/LaunchServices
0x000000000f6ca000 	/System/Library/Frameworks/CoreServices.framework/Versions/A/Frameworks/DictionaryServices.framework/Versions/A/DictionaryServices
0x000000000f6ca000 	/System/Library/Frameworks/CoreServices.framework/Versions/A/Frameworks/SharedFileList.framework/Versions/A/SharedFileList
0x000000000f6ca000 	/System/Library/Frameworks/NetFS.framework/Versions/A/NetFS
0x000000000f6ca000 	/System/Library/PrivateFrameworks/NetAuth.framework/Versions/A/NetAuth
0x000000000f6ca000 	/System/Library/PrivateFrameworks/login.framework/Versions/A/Frameworks/loginsupport.framework/Versions/A/loginsupport
0x000000000f6ca000 	/System/Library/PrivateFrameworks/TCC.framework/Versions/A/TCC
0x000000000f6ca000 	/usr/lib/libmecabra.dylib
0x000000000f6ca000 	/System/Library/Frameworks/ApplicationServices.framework/Versions/A/Frameworks/ATS.framework/Versions/A/ATS
0x000000000f6ca000 	/System/Library/Frameworks/ApplicationServices.framework/Versions/A/Frameworks/ColorSync.framework/Versions/A/ColorSync
0x000000000f6ca000 	/System/Library/Frameworks/ApplicationServices.framework/Versions/A/Frameworks/HIServices.framework/Versions/A/HIServices
0x000000000f6ca000 	/System/Library/Frameworks/ApplicationServices.framework/Versions/A/Frameworks/LangAnalysis.framework/Versions/A/LangAnalysis
0x000000000f6ca000 	/System/Library/Frameworks/ApplicationServices.framework/Versions/A/Frameworks/PrintCore.framework/Versions/A/PrintCore
0x000000000f6ca000 	/System/Library/Frameworks/ApplicationServices.framework/Versions/A/Frameworks/QD.framework/Versions/A/QD
0x000000000f6ca000 	/System/Library/Frameworks/ApplicationServices.framework/Versions/A/Frameworks/SpeechSynthesis.framework/Versions/A/SpeechSynthesis
0x000000000f6ca000 	/System/Library/Frameworks/Accelerate.framework/Versions/A/Frameworks/vImage.framework/Versions/A/vImage
0x000000000f6ca000 	/System/Library/Frameworks/Accelerate.framework/Versions/A/Frameworks/vecLib.framework/Versions/A/vecLib
0x000000000f6ca000 	/System/Library/Frameworks/Accelerate.framework/Versions/A/Frameworks/vecLib.framework/Versions/A/libvDSP.dylib
0x000000000f6ca000 	/System/Library/Frameworks/Accelerate.framework/Versions/A/Frameworks/vecLib.framework/Versions/A/libBNNS.dylib
0x000000000f6ca000 	/System/Library/Frameworks/Accelerate.framework/Versions/A/Frameworks/vecLib.framework/Versions/A/libQuadrature.dylib
0x000000000f6ca000 	/System/Library/Frameworks/Accelerate.framework/Versions/A/Frameworks/vecLib.framework/Versions/A/libvMisc.dylib
0x000000000f6ca000 	/System/Library/Frameworks/Accelerate.framework/Versions/A/Frameworks/vecLib.framework/Versions/A/libLAPACK.dylib
0x000000000f6ca000 	/System/Library/Frameworks/Accelerate.framework/Versions/A/Frameworks/vecLib.framework/Versions/A/libBLAS.dylib
0x000000000f6ca000 	/System/Library/Frameworks/Accelerate.framework/Versions/A/Frameworks/vecLib.framework/Versions/A/libLinearAlgebra.dylib
0x000000000f6ca000 	/System/Library/Frameworks/Accelerate.framework/Versions/A/Frameworks/vecLib.framework/Versions/A/libSparseBLAS.dylib
0x000000000f6ca000 	/System/Library/Frameworks/ApplicationServices.framework/Versions/A/Frameworks/ATS.framework/Versions/A/Resources/libFontParser.dylib
0x000000000f6ca000 	/System/Library/Frameworks/ApplicationServices.framework/Versions/A/Frameworks/ATS.framework/Versions/A/Resources/libFontRegistry.dylib
0x000000000f6ca000 	/System/Library/Frameworks/ImageIO.framework/Versions/A/Resources/libJPEG.dylib
0x000000000f6ca000 	/System/Library/Frameworks/ImageIO.framework/Versions/A/Resources/libTIFF.dylib
0x000000000f6ca000 	/System/Library/Frameworks/ImageIO.framework/Versions/A/Resources/libPng.dylib
0x000000000f6ca000 	/System/Library/Frameworks/ImageIO.framework/Versions/A/Resources/libGIF.dylib
0x000000000f6ca000 	/System/Library/Frameworks/ImageIO.framework/Versions/A/Resources/libJP2.dylib
0x000000000f6ca000 	/System/Library/Frameworks/ImageIO.framework/Versions/A/Resources/libRadiance.dylib
0x000000000f6ca000 	/usr/lib/libcompression.dylib
0x000000000f6ca000 	/System/Library/PrivateFrameworks/AppleJPEG.framework/Versions/A/AppleJPEG
0x000000000f6ca000 	/usr/lib/libcups.2.dylib
0x000000000f6ca000 	/System/Library/Frameworks/Kerberos.framework/Versions/A/Kerberos
0x000000000f6ca000 	/System/Library/Frameworks/GSS.framework/Versions/A/GSS
0x000000000f6ca000 	/usr/lib/libresolv.9.dylib
0x000000000f6ca000 	/usr/lib/libiconv.2.dylib
0x000000000f6ca000 	/System/Library/PrivateFrameworks/Heimdal.framework/Versions/A/Heimdal
0x000000000f6ca000 	/usr/lib/libheimdal-asn1.dylib
0x000000000f6ca000 	/System/Library/Frameworks/OpenDirectory.framework/Versions/A/OpenDirectory
0x000000000f6ca000 	/System/Library/PrivateFrameworks/CommonAuth.framework/Versions/A/CommonAuth
0x000000000f6ca000 	/System/Library/Frameworks/OpenDirectory.framework/Versions/A/Frameworks/CFOpenDirectory.framework/Versions/A/CFOpenDirectory
0x000000000f6ca000 	/System/Library/Frameworks/SecurityFoundation.framework/Versions/A/SecurityFoundation
0x000000000f6ca000 	/System/Library/PrivateFrameworks/LanguageModeling.framework/Versions/A/LanguageModeling
0x000000000f6ca000 	/usr/lib/libmarisa.dylib
0x000000000f6ca000 	/usr/lib/libChineseTokenizer.dylib
0x000000000f6ca000 	/usr/lib/libcmph.dylib
0x000000000f6ca000 	/System/Library/PrivateFrameworks/CoreEmoji.framework/Versions/A/CoreEmoji
0x000000000f6ca000 	/System/Library/Frameworks/ServiceManagement.framework/Versions/A/ServiceManagement
0x000000000f6ca000 	/usr/lib/libxslt.1.dylib
0x000000000f6ca000 	/System/Library/Frameworks/Carbon.framework/Versions/A/Frameworks/Ink.framework/Versions/A/Ink
0x000000000f6ca000 	/System/Library/PrivateFrameworks/TextureIO.framework/Versions/A/TextureIO
0x000000000f6ca000 	/System/Library/Frameworks/Metal.framework/Versions/A/Metal
0x000000000f6ca000 	/usr/lib/libate.dylib
0x000000000f6ca000 	/System/Library/PrivateFrameworks/GPUCompiler.framework/libmetal_timestamp.dylib
0x000000000f6ca000 	/System/Library/Frameworks/OpenGL.framework/Versions/A/Libraries/libCoreFSCache.dylib
0x000000000f6ca000 	/System/Library/PrivateFrameworks/IOAccelerator.framework/Versions/A/IOAccelerator
0x000000000f6ca000 	/System/Library/Frameworks/CoreVideo.framework/Versions/A/CoreVideo
0x000000000f6ca000 	/usr/lib/libFosl_dynamic.dylib
0x000000000f6ca000 	/System/Library/PrivateFrameworks/MetalPerformanceShaders.framework/Versions/A/MetalPerformanceShaders
0x000000000f6ca000 	/System/Library/PrivateFrameworks/FaceCore.framework/Versions/A/FaceCore
0x000000000f6ca000 	/System/Library/Frameworks/OpenCL.framework/Versions/A/OpenCL
0x000000000f6ca000 	/System/Library/Frameworks/OpenGL.framework/Versions/A/Libraries/libGLU.dylib
0x000000000f6ca000 	/System/Library/Frameworks/OpenGL.framework/Versions/A/Libraries/libGFXShared.dylib
0x000000000f6ca000 	/System/Library/Frameworks/OpenGL.framework/Versions/A/Libraries/libGL.dylib
0x000000000f6ca000 	/System/Library/Frameworks/OpenGL.framework/Versions/A/Libraries/libGLImage.dylib
0x000000000f6ca000 	/System/Library/Frameworks/OpenGL.framework/Versions/A/Libraries/libCVMSPluginSupport.dylib
0x000000000f6ca000 	/System/Library/Frameworks/OpenGL.framework/Versions/A/Libraries/libCoreVMClient.dylib
0x000000000f6ca000 	/System/Library/PrivateFrameworks/CrashReporterSupport.framework/Versions/A/CrashReporterSupport
0x000000000f6ca000 	/System/Library/PrivateFrameworks/Sharing.framework/Versions/A/Sharing
0x000000000f6ca000 	/System/Library/PrivateFrameworks/IconServices.framework/Versions/A/IconServices
0x000000000f6ca000 	/System/Library/PrivateFrameworks/ProtocolBuffer.framework/Versions/A/ProtocolBuffer
0x000000000f6ca000 	/System/Library/PrivateFrameworks/Apple80211.framework/Versions/A/Apple80211
0x000000000f6ca000 	/System/Library/Frameworks/CoreWLAN.framework/Versions/A/CoreWLAN
0x000000000f6ca000 	/System/Library/PrivateFrameworks/CoreUtils.framework/Versions/A/CoreUtils
0x000000000f6ca000 	/System/Library/Frameworks/IOBluetooth.framework/Versions/A/IOBluetooth
0x000000000f6ca000 	/System/Library/PrivateFrameworks/CoreWiFi.framework/Versions/A/CoreWiFi
0x000000000f6ca000 	/System/Library/Frameworks/CoreBluetooth.framework/Versions/A/CoreBluetooth
0x000000000f6ca000 	/System/Library/Frameworks/CoreDisplay.framework/Versions/A/CoreDisplay
0x000000000f6ca000 	/System/Library/PrivateFrameworks/IOPresentment.framework/Versions/A/IOPresentment
0x000000000f6ca000 	/System/Library/PrivateFrameworks/DSExternalDisplay.framework/Versions/A/DSExternalDisplay
0x000000000f6ca000 	/System/Library/PrivateFrameworks/DebugSymbols.framework/Versions/A/DebugSymbols
0x000000000f6ca000 	/System/Library/PrivateFrameworks/CoreSymbolication.framework/Versions/A/CoreSymbolication
0x000000000f6ca000 	/System/Library/PrivateFrameworks/Symbolication.framework/Versions/A/Symbolication
0x000000000f6ca000 	/System/Library/PrivateFrameworks/AppleFSCompression.framework/Versions/A/AppleFSCompression
0x000000000f6ca000 	/System/Library/PrivateFrameworks/SpeechRecognitionCore.framework/Versions/A/SpeechRecognitionCore
0x000000000f6ca000 	/System/Library/PrivateFrameworks/ChunkingLibrary.framework/Versions/A/ChunkingLibrary
0x000000010721e000 	/System/Library/CoreServices/Encodings/libSimplifiedChineseConverter.dylib
0x0000000107c00000 	/Library/Java/JavaVirtualMachines/jdk1.8.0_45.jdk/Contents/Home/jre/lib/server/libjvm.dylib
0x000000000f6ca000 	/usr/lib/libstdc++.6.dylib
0x0000000107262000 	/Library/Java/JavaVirtualMachines/jdk1.8.0_45.jdk/Contents/Home/jre/lib/libverify.dylib
0x0000000107270000 	/Library/Java/JavaVirtualMachines/jdk1.8.0_45.jdk/Contents/Home/jre/lib/libjava.dylib
0x00000001072af000 	/Library/Java/JavaVirtualMachines/jdk1.8.0_45.jdk/Contents/Home/jre/lib/libzip.dylib
0x00000001073e6000 	/System/Library/Frameworks/JavaVM.framework/Frameworks/JavaRuntimeSupport.framework/JavaRuntimeSupport
0x000000010ce35000 	/System/Library/Frameworks/JavaVM.framework/Versions/A/Frameworks/JavaNativeFoundation.framework/Versions/A/JavaNativeFoundation
0x000000010ce4a000 	/System/Library/Frameworks/JavaVM.framework/Versions/A/JavaVM
0x000000000f6ca000 	/System/Library/Frameworks/Carbon.framework/Versions/A/Carbon
0x000000010ce57000 	/System/Library/PrivateFrameworks/JavaLaunching.framework/Versions/A/JavaLaunching
0x000000000f6ca000 	/System/Library/Frameworks/Carbon.framework/Versions/A/Frameworks/CommonPanels.framework/Versions/A/CommonPanels
0x000000000f6ca000 	/System/Library/Frameworks/Carbon.framework/Versions/A/Frameworks/Help.framework/Versions/A/Help
0x000000000f6ca000 	/System/Library/Frameworks/Carbon.framework/Versions/A/Frameworks/ImageCapture.framework/Versions/A/ImageCapture
0x000000000f6ca000 	/System/Library/Frameworks/Carbon.framework/Versions/A/Frameworks/OpenScripting.framework/Versions/A/OpenScripting
0x000000000f6ca000 	/System/Library/Frameworks/Carbon.framework/Versions/A/Frameworks/Print.framework/Versions/A/Print
0x000000000f6ca000 	/System/Library/Frameworks/Carbon.framework/Versions/A/Frameworks/SecurityHI.framework/Versions/A/SecurityHI

VM Arguments:
jvm_args: -Dfile.encoding=UTF-8 
java_command: ソフトウェア科学.BS_REPORT
java_class_path (initial): /Users/zhenwenqin/Documents/workspace/ソフトウェア科学/bin
Launcher Type: SUN_STANDARD

Environment Variables:
PATH=/usr/bin:/bin:/usr/sbin:/sbin
SHELL=/bin/bash

Signal Handlers:
SIGSEGV: [libjvm.dylib+0x58ef95], sa_mask[0]=11111111011111110111111111111111, sa_flags=SA_ONSTACK|SA_RESTART|SA_SIGINFO
SIGBUS: [libjvm.dylib+0x58ef95], sa_mask[0]=11111111011111110111111111111111, sa_flags=SA_RESTART|SA_SIGINFO
SIGFPE: [libjvm.dylib+0x46c108], sa_mask[0]=11111111011111110111111111111111, sa_flags=SA_RESTART|SA_SIGINFO
SIGPIPE: [libjvm.dylib+0x46c108], sa_mask[0]=11111111011111110111111111111111, sa_flags=SA_RESTART|SA_SIGINFO
SIGXFSZ: [libjvm.dylib+0x46c108], sa_mask[0]=11111111011111110111111111111111, sa_flags=SA_RESTART|SA_SIGINFO
SIGILL: [libjvm.dylib+0x46c108], sa_mask[0]=11111111011111110111111111111111, sa_flags=SA_RESTART|SA_SIGINFO
SIGUSR1: SIG_DFL, sa_mask[0]=00000000000000000000000000000000, sa_flags=none
SIGUSR2: [libjvm.dylib+0x46bc26], sa_mask[0]=00100000000000000000000000000000, sa_flags=SA_RESTART|SA_SIGINFO
SIGHUP: [libjvm.dylib+0x46a1f9], sa_mask[0]=11111111011111110111111111111111, sa_flags=SA_RESTART|SA_SIGINFO
SIGINT: [libjvm.dylib+0x46a1f9], sa_mask[0]=11111111011111110111111111111111, sa_flags=SA_RESTART|SA_SIGINFO
SIGTERM: [libjvm.dylib+0x46a1f9], sa_mask[0]=11111111011111110111111111111111, sa_flags=SA_RESTART|SA_SIGINFO
SIGQUIT: [libjvm.dylib+0x46a1f9], sa_mask[0]=11111111011111110111111111111111, sa_flags=SA_RESTART|SA_SIGINFO


---------------  S Y S T E M  ---------------

OS:Bsduname:Darwin 16.6.0 Darwin Kernel Version 16.6.0: Fri Apr 14 16:21:16 PDT 2017; root:xnu-3789.60.24~6/RELEASE_X86_64 x86_64
rlimit: STACK 8192k, CORE 0k, NPROC 709, NOFILE 10240, AS infinity
load average:2.58 2.31 1.95

CPU:total 4 (2 cores per cpu, 2 threads per core) family 6 model 69 stepping 1, cmov, cx8, fxsr, mmx, sse, sse2, sse3, ssse3, sse4.1, sse4.2, popcnt, avx, avx2, aes, clmul, erms, lzcnt, ht, tsc, tscinvbit, bmi1, bmi2

Memory: 4k page, physical 4194304k(758080k free)

/proc/meminfo:


vm_info: Java HotSpot(TM) 64-Bit Server VM (25.45-b02) for bsd-amd64 JRE (1.8.0_45-b14), built on Apr 10 2015 10:46:38 by "java_re" with gcc 4.2.1 (Based on Apple Inc. build 5658) (LLVM build 2336.11.00)

time: Thu Jun  1 23:55:37 2017
elapsed time: 2295 seconds (0d 0h 38m 15s)

